make all --print-data-base --no-builtin-variables --no-builtin-rules --question
# GNU Make 3.81
# Copyright (C) 2006  Free Software Foundation, Inc.
# This is free software; see the source for copying conditions.
# There is NO warranty; not even for MERCHANTABILITY or FITNESS FOR A
# PARTICULAR PURPOSE.

# This program built for i386-apple-darwin11.3.0
<<<<<<< HEAD

# Make data base, printed on Wed Feb 15 20:25:18 2023
=======
 

# Make data base, printed on Wed Feb 15 15:21:50 2023
>>>>>>> e58500af37ab0817fc19fc12bed54017aff7dfe6

# Variables

# automatic
<D = $(patsubst %/,%,$(dir $<))
# automatic
?F = $(notdir $?)
# automatic
?D = $(patsubst %/,%,$(dir $?))
# automatic
@D = $(patsubst %/,%,$(dir $@))
# automatic
@F = $(notdir $@)
# makefile
<<<<<<< HEAD
CURDIR := /Users/skandabharadwaj/Skanda/PennState/Courses/Spring2023/CSE582/word2vec-HW1/code
=======
CURDIR := /Users/skandabharadwaj/Skanda/PennState/Courses/Spring2023/CSE582/HW1/word2vec/trunk
>>>>>>> e58500af37ab0817fc19fc12bed54017aff7dfe6
# makefile
SHELL = /bin/sh
# environment
VSCODE_NLS_CONFIG = {"locale":"en-us","availableLanguages":{},"_languagePackSupport":true}
# environment
_ = /usr/bin/make
# makefile (from `makefile', line 3)
CFLAGS = -lm -pthread -O3 -march=native -Wall -funroll-loops -Wno-unused-result
# makefile (from `makefile', line 1)
MAKEFILE_LIST :=  makefile
# environment
__CFBundleIdentifier = com.microsoft.VSCode
# environment
INFOPATH = /opt/homebrew/share/info:
# environment
VSCODE_CWD = /
# environment
PATH = /Users/skandabharadwaj/opt/miniconda3/bin:/Users/skandabharadwaj/opt/miniconda3/condabin:/opt/homebrew/bin:/opt/homebrew/sbin:/usr/local/bin:/System/Cryptexes/App/usr/bin:/usr/bin:/bin:/usr/sbin:/sbin:/Users/skandabharadwaj/.cargo/bin
# environment
LSCOLORS = Gxfxcxdxbxegedabagacad
# environment
ELECTRON_RUN_AS_NODE = 1
# default
.FEATURES := target-specific order-only second-expansion else-if archives jobserver check-symlink
# environment
SSH_AUTH_SOCK = /private/tmp/com.apple.launchd.w1fSv7cVl5/Listeners
# automatic
%F = $(notdir $%)
# environment
CONDA_EXE = /Users/skandabharadwaj/opt/miniconda3/bin/conda
# environment
<<<<<<< HEAD
PWD = /Users/skandabharadwaj/Skanda/PennState/Courses/Spring2023/CSE582/word2vec-HW1/code
=======
PWD = /Users/skandabharadwaj/Skanda/PennState/Courses/Spring2023/CSE582/HW1/word2vec/trunk
>>>>>>> e58500af37ab0817fc19fc12bed54017aff7dfe6
# environment
HOMEBREW_CELLAR = /opt/homebrew/Cellar
# environment
ORIGINAL_XDG_CURRENT_DESKTOP = undefined
# environment
MANPATH = /opt/homebrew/share/man::
# environment
VSCODE_AMD_ENTRYPOINT = vs/workbench/api/node/extensionHostProcess
# environment
HOME = /Users/skandabharadwaj
# default
MAKEFILEPATH = $(shell /usr/bin/xcode-select -print-path 2>/dev/null || echo /Developer)/Makefiles
# environment
VSCODE_CODE_CACHE_PATH = /Users/skandabharadwaj/Library/Application Support/Code/CachedData/441438abd1ac652551dbe4d408dfcec8a499b8bf
# environment
LOGNAME = skandabharadwaj
# environment
APPLICATION_INSIGHTS_NO_DIAGNOSTIC_CHANNEL = 1
# environment
CONDA_PROMPT_MODIFIER = (base) 
# environment
ZSH = /Users/skandabharadwaj/.oh-my-zsh
# environment
VSCODE_HANDLES_UNCAUGHT_ERRORS = true
# automatic
^D = $(patsubst %/,%,$(dir $^))
# environment
CONDA_DEFAULT_ENV = base
# environment
XPC_FLAGS = 0x0
# default
MAKE = $(MAKE_COMMAND)
# default
MAKECMDGOALS := all
# environment
SHLVL = 1
# makefile (from `makefile', line 1)
CC = gcc
# default
MAKE_VERSION := 3.81
# environment
USER = skandabharadwaj
# makefile
.DEFAULT_GOAL := all
# environment
LESS = -R
# automatic
%D = $(patsubst %/,%,$(dir $%))
# environment
CONDA_SHLVL = 1
# default
MAKE_COMMAND := /Library/Developer/CommandLineTools/usr/bin/make
# default
.VARIABLES := 
# environment
TMPDIR = /var/folders/w8/h3mt45pn2fvgf0k71z2mqx6h0000gn/T/
# automatic
*F = $(notdir $*)
# environment
VSCODE_IPC_HOOK = /Users/skandabharadwaj/Library/Application Support/Code/1.75.1-main.sock
# environment
MallocNanoZone = 0
# makefile
MAKEFLAGS = Rrqp
# environment
MFLAGS = -Rrqp
# automatic
*D = $(patsubst %/,%,$(dir $*))
# environment
XPC_SERVICE_NAME = application.com.microsoft.VSCode.12163035.12163041
# environment
HOMEBREW_PREFIX = /opt/homebrew
# automatic
+D = $(patsubst %/,%,$(dir $+))
# automatic
+F = $(notdir $+)
# environment
HOMEBREW_REPOSITORY = /opt/homebrew
# environment
__CF_USER_TEXT_ENCODING = 0x1F5:0x0:0x0
# environment
COMMAND_MODE = unix2003
# default
MAKEFILES := 
# automatic
<F = $(notdir $<)
# environment
PAGER = less
# environment
LC_ALL = C
# environment
CONDA_PYTHON_EXE = /Users/skandabharadwaj/opt/miniconda3/bin/python
# automatic
^F = $(notdir $^)
# default
SUFFIXES := 
# environment
MAKELEVEL := 0
# environment
CONDA_PREFIX = /Users/skandabharadwaj/opt/miniconda3
# environment
<<<<<<< HEAD
VSCODE_PID = 56112
=======
VSCODE_PID = 53039
>>>>>>> e58500af37ab0817fc19fc12bed54017aff7dfe6
# environment
LANG = C
# variable set hash-table stats:
# Load=74/1024=7%, Rehash=0, Collisions=2/101=2%

# Pattern-specific Variable Values

# No pattern-specific variable values.

# Directories

<<<<<<< HEAD
# . (device 16777232, inode 12147573): 25 files, no impossibilities.

# 25 files, no impossibilities in 1 directories.
=======
# . (device 16777232, inode 12147573): 23 files, no impossibilities.

# 23 files, no impossibilities in 1 directories.
>>>>>>> e58500af37ab0817fc19fc12bed54017aff7dfe6

# Implicit Rules

# No implicit rules.

# Files

word-analogy: word-analogy.c
#  Implicit rule search has not been done.
#  Modification time never checked.
#  File has not been updated.
#  commands to execute (from `makefile', line 14):
	$(CC) word-analogy.c -o word-analogy $(CFLAGS)
	

# Not a target:
word2phrase.c:
#  Implicit rule search has not been done.
#  Modification time never checked.
#  File has not been updated.

all: word2vec word2phrase distance word-analogy compute-accuracy
#  Command-line target.
#  Implicit rule search has been done.
#  File does not exist.
#  File has been updated.
#  Needs to be updated (-q is set).
# variable set hash-table stats:
# Load=0/32=0%, Rehash=0, Collisions=0/4=0%

# Not a target:
compute-accuracy.c:
#  Implicit rule search has not been done.
#  Modification time never checked.
#  File has not been updated.

# Not a target:
distance.c:
#  Implicit rule search has not been done.
#  Modification time never checked.
#  File has not been updated.

# Not a target:
.SUFFIXES:
#  Implicit rule search has not been done.
#  Modification time never checked.
#  File has not been updated.

word2vec: word2vec.c
#  Implicit rule search has not been done.
#  Implicit/static pattern stem: `'
#  File does not exist.
#  File has been updated.
#  Needs to be updated (-q is set).
# automatic
# @ := word2vec
# automatic
# % := 
# automatic
# * := 
# automatic
# + := word2vec.c
# automatic
# | := 
# automatic
# < := word2vec.c
# automatic
# ^ := word2vec.c
# automatic
# ? := word2vec.c
# variable set hash-table stats:
# Load=8/32=25%, Rehash=0, Collisions=1/12=8%
#  commands to execute (from `makefile', line 8):
	$(CC) word2vec.c -o word2vec $(CFLAGS)
	

# Not a target:
makefile:
#  Implicit rule search has been done.
#  Last modified 2016-03-18 00:03:48
#  File has been updated.
#  Successfully updated.
# variable set hash-table stats:
# Load=0/32=0%, Rehash=0, Collisions=0/0=0%

# Not a target:
word-analogy.c:
#  Implicit rule search has not been done.
#  Modification time never checked.
#  File has not been updated.

# Not a target:
.DEFAULT:
#  Implicit rule search has not been done.
#  Modification time never checked.
#  File has not been updated.

# Not a target:
word2vec.c:
#  Implicit rule search has been done.
#  Last modified 2016-03-18 00:03:48
#  File has been updated.
#  Successfully updated.
# variable set hash-table stats:
# Load=0/32=0%, Rehash=0, Collisions=0/0=0%

clean:
#  Implicit rule search has not been done.
#  Modification time never checked.
#  File has not been updated.
#  commands to execute (from `makefile', line 20):
	rm -rf word2vec word2phrase distance word-analogy compute-accuracy
	

word2phrase: word2phrase.c
#  Implicit rule search has not been done.
#  Modification time never checked.
#  File has not been updated.
#  commands to execute (from `makefile', line 10):
	$(CC) word2phrase.c -o word2phrase $(CFLAGS)
	

compute-accuracy: compute-accuracy.c
#  Implicit rule search has not been done.
#  Modification time never checked.
#  File has not been updated.
#  commands to execute (from `makefile', line 16):
	$(CC) compute-accuracy.c -o compute-accuracy $(CFLAGS)
	chmod +x *.sh
	

distance: distance.c
#  Implicit rule search has not been done.
#  Modification time never checked.
#  File has not been updated.
#  commands to execute (from `makefile', line 12):
	$(CC) distance.c -o distance $(CFLAGS)
	

# files hash-table stats:
# Load=15/1024=1%, Rehash=0, Collisions=0/39=0%
# VPATH Search Paths

# No `vpath' search paths.

# No general (`VPATH' variable) search path.

<<<<<<< HEAD
 
=======
>>>>>>> e58500af37ab0817fc19fc12bed54017aff7dfe6
# # of strings in strcache: 1
# # of strcache buffers: 1
# strcache size: total = 4096 / max = 4096 / min = 4096 / avg = 4096
# strcache free: total = 4087 / max = 4087 / min = 4087 / avg = 4087

<<<<<<< HEAD
# Finished Make data base on Wed Feb 15 20:25:18 2023
=======
# Finished Make data base on Wed Feb 15 15:21:50 2023
>>>>>>> e58500af37ab0817fc19fc12bed54017aff7dfe6

 
